[ 2019-10-19 17:07:49,352 - INFO ] - Work started!

>>>>>>>>>>>>>>>>>>> ------------------------------------ <<<<<<<<<<<<<<<<<<<<<
>>>>>>>>>>>>>>>>>>> --- TSA-TABLE-PARSER-INITIALIZED --- <<<<<<<<<<<<<<<<<<<<<
>>>>>>>>>>>>>>>>>>> ------------------------------------ <<<<<<<<<<<<<<<<<<<<<

[ 2019-10-19 17:07:49,352 - INFO ] - Records to be downloaded: 637
[ 2019-10-19 17:07:51,163 - INFO ] - Downloading record 1: GAVZ01 (size: 15.51M)
[ 2019-10-19 17:08:04,663 - INFO ] - Download GAVZ01 finished (elapsed time: 1.232)
[ 2019-10-19 17:08:06,314 - INFO ] - Downloading record 2: GAWA01 (size: 23.82M)
[ 2019-10-19 17:08:31,285 - INFO ] - Download GAWA01 finished (elapsed time: 1.958)
[ 2019-10-19 17:08:32,645 - INFO ] - Downloading record 3: GAXU01 (size: 19.22M)
[ 2019-10-19 17:08:55,506 - INFO ] - Download GAXU01 finished (elapsed time: 1.558)
[ 2019-10-19 17:08:57,399 - INFO ] - Downloading record 4: GAXV01 (size: 19.12M)
[ 2019-10-19 17:09:14,569 - INFO ] - Download GAXV01 finished (elapsed time: 1.532)
[ 2019-10-19 17:09:15,863 - INFO ] - Downloading record 5: GAYR01 (size: 22.08M)
[ 2019-10-19 17:09:35,412 - INFO ] - Download GAYR01 finished (elapsed time: 1.778)
[ 2019-10-19 17:09:37,495 - INFO ] - Downloading record 6: GAYS01 (size: 22.11M)
[ 2019-10-19 17:09:56,874 - INFO ] - Download GAYS01 finished (elapsed time: 1.774)
[ 2019-10-19 17:09:58,154 - INFO ] - Downloading record 7: GAYT01 (size: 8.85M)
[ 2019-10-19 17:10:08,220 - INFO ] - Download GAYT01 finished (elapsed time: 0.738)
[ 2019-10-19 17:10:12,979 - INFO ] - Downloading record 8: GAZZ01 (size: 14.92M)
[ 2019-10-19 17:10:27,948 - INFO ] - Download GAZZ01 finished (elapsed time: 1.209)
[ 2019-10-19 17:10:29,186 - INFO ] - Downloading record 9: GBAD01 (size: 21.19M)
[ 2019-10-19 17:10:49,258 - INFO ] - Download GBAD01 finished (elapsed time: 1.693)
[ 2019-10-19 17:10:50,662 - INFO ] - Downloading record 10: GBBZ01 (size: 8.50M)
[ 2019-10-19 17:10:58,918 - INFO ] - Download GBBZ01 finished (elapsed time: 0.672)
[ 2019-10-19 17:11:00,387 - INFO ] - Downloading record 11: GBCV01 (size: 13.42M)
[ 2019-10-19 17:11:14,329 - INFO ] - Download GBCV01 finished (elapsed time: 1.088)
[ 2019-10-19 17:11:15,982 - INFO ] - Downloading record 12: GBDN01 (size: 13.68M)
[ 2019-10-19 17:11:27,556 - INFO ] - Download GBDN01 finished (elapsed time: 1.095)
[ 2019-10-19 17:11:28,760 - INFO ] - Downloading record 13: GBDQ01 (size: 11.79M)
[ 2019-10-19 17:11:39,999 - INFO ] - Download GBDQ01 finished (elapsed time: 0.945)
[ 2019-10-19 17:11:41,472 - INFO ] - Downloading record 14: GBDR01 (size: 10.03M)
[ 2019-10-19 17:11:51,361 - INFO ] - Download GBDR01 finished (elapsed time: 0.805)
[ 2019-10-19 17:11:52,766 - INFO ] - Downloading record 15: GBDS01 (size: 12.71M)
[ 2019-10-19 17:12:03,906 - INFO ] - Download GBDS01 finished (elapsed time: 1.019)
[ 2019-10-19 17:12:05,201 - INFO ] - Downloading record 16: GBDX01 (size: 14.74M)
[ 2019-10-19 17:12:20,743 - INFO ] - Download GBDX01 finished (elapsed time: 1.160)
[ 2019-10-19 17:12:22,276 - INFO ] - Downloading record 17: GBEA01 (size: 17.81M)
[ 2019-10-19 17:12:38,397 - INFO ] - Download GBEA01 finished (elapsed time: 1.415)
[ 2019-10-19 17:12:39,686 - INFO ] - Downloading record 18: GBED01 (size: 1.03M)
[ 2019-10-19 17:12:41,372 - INFO ] - Download GBED01 finished (elapsed time: 0.089)
[ 2019-10-19 17:12:42,671 - INFO ] - Downloading record 19: GBEF01 (size: 10.26M)
[ 2019-10-19 17:12:56,516 - INFO ] - Download GBEF01 finished (elapsed time: 0.819)
[ 2019-10-19 17:12:58,081 - INFO ] - Downloading record 20: GBEG01 (size: 11.76M)
[ 2019-10-19 17:13:08,182 - INFO ] - Download GBEG01 finished (elapsed time: 0.946)
[ 2019-10-19 17:13:09,875 - INFO ] - Downloading record 21: GBEP01 (size: 11.99M)
[ 2019-10-19 17:13:21,191 - INFO ] - Download GBEP01 finished (elapsed time: 0.975)
[ 2019-10-19 17:13:22,410 - INFO ] - Downloading record 22: GBEQ01 (size: 11.77M)
[ 2019-10-19 17:13:32,672 - INFO ] - Download GBEQ01 finished (elapsed time: 0.935)
[ 2019-10-19 17:13:34,563 - INFO ] - Downloading record 23: GBFL01 (size: 10.94M)
[ 2019-10-19 17:13:44,054 - INFO ] - Download GBFL01 finished (elapsed time: 0.875)
[ 2019-10-19 17:13:45,321 - INFO ] - Downloading record 24: GBFN01 (size: 20.29M)
[ 2019-10-19 17:14:02,215 - INFO ] - Download GBFN01 finished (elapsed time: 1.595)
[ 2019-10-19 17:14:03,594 - INFO ] - Downloading record 25: GBGF01 (size: 19.95M)
[ 2019-10-19 17:14:23,960 - INFO ] - Download GBGF01 finished (elapsed time: 1.566)
[ 2019-10-19 17:14:25,311 - INFO ] - Downloading record 26: GBGR01 (size: 18.01M)
[ 2019-10-19 17:14:39,146 - INFO ] - Download GBGR01 finished (elapsed time: 1.452)
[ 2019-10-19 17:14:40,610 - INFO ] - Downloading record 27: GBGY01 (size: 0.11M)
[ 2019-10-19 17:14:41,511 - INFO ] - Download GBGY01 finished (elapsed time: 0.019)
[ 2019-10-19 17:14:42,871 - INFO ] - Downloading record 28: GBGZ01 (size: 23.43M)
[ 2019-10-19 17:15:03,875 - INFO ] - Download GBGZ01 finished (elapsed time: 1.877)
[ 2019-10-19 17:15:05,453 - INFO ] - Downloading record 29: GBHG01 (size: 23.47M)
[ 2019-10-19 17:15:27,210 - INFO ] - Download GBHG01 finished (elapsed time: 1.900)
[ 2019-10-19 17:15:31,107 - INFO ] - Downloading record 30: GBHI01 (size: 11.77M)
[ 2019-10-19 17:15:42,802 - INFO ] - Download GBHI01 finished (elapsed time: 0.901)
[ 2019-10-19 17:15:44,726 - INFO ] - Downloading record 31: GBHJ01 (size: 29.15M)
[ 2019-10-19 17:16:16,976 - INFO ] - Download GBHJ01 finished (elapsed time: 2.332)
[ 2019-10-19 17:16:18,345 - INFO ] - Downloading record 32: GBHK01 (size: 4.90M)
[ 2019-10-19 17:16:23,876 - INFO ] - Download GBHK01 finished (elapsed time: 0.412)
[ 2019-10-19 17:16:25,384 - INFO ] - Downloading record 33: GBHL01 (size: 6.90M)
[ 2019-10-19 17:16:32,565 - INFO ] - Download GBHL01 finished (elapsed time: 0.557)
[ 2019-10-19 17:16:33,910 - INFO ] - Downloading record 34: GBHP01 (size: 8.14M)
[ 2019-10-19 17:16:42,178 - INFO ] - Download GBHP01 finished (elapsed time: 0.646)
[ 2019-10-19 17:16:43,528 - INFO ] - Downloading record 35: GBIO01 (size: 14.07M)
[ 2019-10-19 17:16:57,106 - INFO ] - Download GBIO01 finished (elapsed time: 1.137)
[ 2019-10-19 17:16:58,841 - INFO ] - Downloading record 36: GBIP01 (size: 7.94M)
[ 2019-10-19 17:17:07,079 - INFO ] - Download GBIP01 finished (elapsed time: 0.580)
[ 2019-10-19 17:17:08,557 - INFO ] - Downloading record 37: GBIQ01 (size: 7.26M)
[ 2019-10-19 17:17:16,764 - INFO ] - Download GBIQ01 finished (elapsed time: 0.572)
[ 2019-10-19 17:17:18,169 - INFO ] - Downloading record 38: GBIR01 (size: 8.82M)
[ 2019-10-19 17:17:27,298 - INFO ] - Download GBIR01 finished (elapsed time: 0.724)
[ 2019-10-19 17:17:28,627 - INFO ] - Downloading record 39: GBIS01 (size: 7.94M)
[ 2019-10-19 17:17:37,765 - INFO ] - Download GBIS01 finished (elapsed time: 0.654)
[ 2019-10-19 17:17:39,096 - INFO ] - Downloading record 40: GBIU01 (size: 8.34M)
[ 2019-10-19 17:17:47,877 - INFO ] - Download GBIU01 finished (elapsed time: 0.667)
[ 2019-10-19 17:17:49,100 - INFO ] - Downloading record 41: GBIV01 (size: 10.51M)
[ 2019-10-19 17:17:59,713 - INFO ] - Download GBIV01 finished (elapsed time: 0.855)
[ 2019-10-19 17:18:02,321 - INFO ] - Downloading record 42: GBIW01 (size: 8.34M)
[ 2019-10-19 17:18:14,317 - INFO ] - Download GBIW01 finished (elapsed time: 0.666)
[ 2019-10-19 17:18:15,909 - INFO ] - Downloading record 43: GBIX01 (size: 11.63M)
[ 2019-10-19 17:18:27,924 - INFO ] - Download GBIX01 finished (elapsed time: 0.935)
[ 2019-10-19 17:18:29,357 - INFO ] - Downloading record 44: GBIY01 (size: 18.57M)
[ 2019-10-19 17:18:48,036 - INFO ] - Download GBIY01 finished (elapsed time: 1.461)
[ 2019-10-19 17:18:49,446 - INFO ] - Downloading record 45: GBIZ01 (size: 13.52M)
